|kuliah - 0 digit
 - 0
 - 4 tahun
 - kecerdasan_buatan
 - rekayasa_perangkat_lunak
 - sistem_informasi
 - multimedia
 - jaringan

                             |junior_software_engineer - 2 digit
                              - 10000000
                              - 3 tahun
                              - basic_software_architecture
                              - basic_convention_code
                              - basic_framework

                                                                  |java_developer - 2 digit
                                                                   - 13000000
                                                                   - 4 tahun
                                                                   - java_framework
                                                                   - java_enterprise
                                                                   - java_platform

                                                                  |senior_software_engineer - 2 digit
                                                                   - 16000000
                                                                   - 5 tahun
                                                                   - framework_architecture
                                                                   - professional_code

                                                                  |junior_software_manager - 2 digit
                                                                   - 17000000
                                                                   - 6 tahun
                                                                   - project_management
                                                                   - leadership

                             |junior_ui_designer - 1 digit
                              - 8000000
                              - 2 tahun
                              - ui_framework
                              - ui_testing

                             |junior_ux_designer - 1 digit
                              - 8000000
                              - 2 tahun
                              - ux_framework
                              - ux_testing

                                                                  |senior_ux_designer - 2 digit
                                                                   - 15000000
                                                                   - 5 tahun
                                                                   - ux_validation
                                                                   - ux_testing

                                                                  |junior_ux_manager - 2 digit
                                                                   - 15000000
                                                                   - 5 tahun
                                                                   - management_skill

                                                                                                       |senior_ux_manager - 2 digit
                                                                                                        - 20000000
                                                                                                        - 8 tahun
                                                                                                        - leadership_skill

                             |junior_data_scientist - 2 digit
                              - 10000000
                              - 3 tahun
                              - basic_data_mining
                              - data_library

                             |junior_data_administrator - 1 digit
                              - 7000000
                              - 2 tahun
                              - dbms_advanced
                              - sql_advanced
                              - nosqlquery_advanced

                             |junior_game_developer - 2 digit
                              - 11000000
                              - 2 tahun
                              - game_engine
                              - game_platform

                             |junior_cyber_security - 2 digit
                              - 10000000
                              - 3 tahun
                              - security_protocol
                              - firewall_architecture

|kuliah - 0 digit
 - 0
 - 4 tahun
 - kecerdasan_buatan
 - rekayasa_perangkat_lunak
 - sistem_informasi
 - multimedia
 - jaringan

                             |junior_software_engineer - 2 digit
                              - 10000000
                              - 3 tahun
                              - basic_software_architecture
                              - basic_convention_code
                              - basic_framework

                                                                  |java_developer - 2 digit
                                                                   - 13000000
                                                                   - 4 tahun
                                                                   - java_framework
                                                                   - java_enterprise
                                                                   - java_platform

                                                                  |senior_software_engineer - 2 digit
                                                                   - 16000000
                                                                   - 5 tahun
                                                                   - framework_architecture
                                                                   - professional_code

                                                                  |junior_software_manager - 2 digit
                                                                   - 17000000
                                                                   - 6 tahun
                                                                   - project_management
                                                                   - leadership
