|kuliah - 0 digit
 - 0
 - 4 tahun
 - kecerdasan_buatan
 - rekayasa_perangkat_lunak
 - sistem_informasi
 - multimedia
 - jaringan

abcdefghijklmnopqrstuvwxyzabc|junior_software_engineer - 2 digit
abcdefghijklmnopqrstuvwxyzabc - 10000000
abcdefghijklmnopqrstuvwxyzabc - 3 tahun
abcdefghijklmnopqrstuvwxyzabc - basic_software_architecture
abcdefghijklmnopqrstuvwxyzabc - basic_convention_code
abcdefghijklmnopqrstuvwxyzabc - basic_framework

abcdefghijklmnopqrstuvwxyzabcdefghijklmnopqrstuvwxyzabcdefghijklmn|java_developer - 2 digit
abcdefghijklmnopqrstuvwxyzabcdefghijklmnopqrstuvwxyzabcdefghijklmn - 13000000
abcdefghijklmnopqrstuvwxyzabcdefghijklmnopqrstuvwxyzabcdefghijklmn - 4 tahun
abcdefghijklmnopqrstuvwxyzabcdefghijklmnopqrstuvwxyzabcdefghijklmn - java_framework
abcdefghijklmnopqrstuvwxyzabcdefghijklmnopqrstuvwxyzabcdefghijklmn - java_enterprise
abcdefghijklmnopqrstuvwxyzabcdefghijklmnopqrstuvwxyzabcdefghijklmn - java_platform

abcdefghijklmnopqrstuvwxyzabcdefghijklmnopqrstuvwxyzabcdefghijklmn|senior_software_engineer - 2 digit
abcdefghijklmnopqrstuvwxyzabcdefghijklmnopqrstuvwxyzabcdefghijklmn - 16000000
abcdefghijklmnopqrstuvwxyzabcdefghijklmnopqrstuvwxyzabcdefghijklmn - 5 tahun
abcdefghijklmnopqrstuvwxyzabcdefghijklmnopqrstuvwxyzabcdefghijklmn - framework_architecture
abcdefghijklmnopqrstuvwxyzabcdefghijklmnopqrstuvwxyzabcdefghijklmn - professional_code

abcdefghijklmnopqrstuvwxyzabcdefghijklmnopqrstuvwxyzabcdefghijklmn|junior_software_manager - 2 digit
abcdefghijklmnopqrstuvwxyzabcdefghijklmnopqrstuvwxyzabcdefghijklmn - 17000000
abcdefghijklmnopqrstuvwxyzabcdefghijklmnopqrstuvwxyzabcdefghijklmn - 6 tahun
abcdefghijklmnopqrstuvwxyzabcdefghijklmnopqrstuvwxyzabcdefghijklmn - project_management
abcdefghijklmnopqrstuvwxyzabcdefghijklmnopqrstuvwxyzabcdefghijklmn - leadership

abcdefghijklmnopqrstuvwxyzabc|junior_ui_designer - 1 digit
abcdefghijklmnopqrstuvwxyzabc - 8000000
abcdefghijklmnopqrstuvwxyzabc - 2 tahun
abcdefghijklmnopqrstuvwxyzabc - ui_framework
abcdefghijklmnopqrstuvwxyzabc - ui_testing

abcdefghijklmnopqrstuvwxyzabc|junior_ux_designer - 1 digit
abcdefghijklmnopqrstuvwxyzabc - 8000000
abcdefghijklmnopqrstuvwxyzabc - 2 tahun
abcdefghijklmnopqrstuvwxyzabc - ux_framework
abcdefghijklmnopqrstuvwxyzabc - ux_testing

abcdefghijklmnopqrstuvwxyzabcdefghijklmnopqrstuvwxyzabcdefghijklmn|senior_ux_designer - 2 digit
abcdefghijklmnopqrstuvwxyzabcdefghijklmnopqrstuvwxyzabcdefghijklmn - 15000000
abcdefghijklmnopqrstuvwxyzabcdefghijklmnopqrstuvwxyzabcdefghijklmn - 5 tahun
abcdefghijklmnopqrstuvwxyzabcdefghijklmnopqrstuvwxyzabcdefghijklmn - ux_validation
abcdefghijklmnopqrstuvwxyzabcdefghijklmnopqrstuvwxyzabcdefghijklmn - ux_testing

abcdefghijklmnopqrstuvwxyzabcdefghijklmnopqrstuvwxyzabcdefghijklmn|junior_ux_manager - 2 digit
abcdefghijklmnopqrstuvwxyzabcdefghijklmnopqrstuvwxyzabcdefghijklmn - 15000000
abcdefghijklmnopqrstuvwxyzabcdefghijklmnopqrstuvwxyzabcdefghijklmn - 5 tahun
abcdefghijklmnopqrstuvwxyzabcdefghijklmnopqrstuvwxyzabcdefghijklmn - management_skill

abcdefghijklmnopqrstuvwxyzabcdefghijklmnopqrstuvwxyzabcdefghijklmnopqrstuvwxyzabcdefghijklmnopqrstuvwxy|senior_ux_manager - 2 digit
abcdefghijklmnopqrstuvwxyzabcdefghijklmnopqrstuvwxyzabcdefghijklmnopqrstuvwxyzabcdefghijklmnopqrstuvwxy - 20000000
abcdefghijklmnopqrstuvwxyzabcdefghijklmnopqrstuvwxyzabcdefghijklmnopqrstuvwxyzabcdefghijklmnopqrstuvwxy - 8 tahun
abcdefghijklmnopqrstuvwxyzabcdefghijklmnopqrstuvwxyzabcdefghijklmnopqrstuvwxyzabcdefghijklmnopqrstuvwxy - leadership_skill

abcdefghijklmnopqrstuvwxyzabc|junior_data_scientist - 2 digit
abcdefghijklmnopqrstuvwxyzabc - 10000000
abcdefghijklmnopqrstuvwxyzabc - 3 tahun
abcdefghijklmnopqrstuvwxyzabc - basic_data_mining
abcdefghijklmnopqrstuvwxyzabc - data_library

abcdefghijklmnopqrstuvwxyzabcdefghijklmnopqrstuvwxyzabcdefghijklmn|senior_data_scientistlalalalalalala - 2 digit
abcdefghijklmnopqrstuvwxyzabcdefghijklmnopqrstuvwxyzabcdefghijklmn - 20000000
abcdefghijklmnopqrstuvwxyzabcdefghijklmnopqrstuvwxyzabcdefghijklmn - 8 tahun
abcdefghijklmnopqrstuvwxyzabcdefghijklmnopqrstuvwxyzabcdefghijklmn - project_management
abcdefghijklmnopqrstuvwxyzabcdefghijklmnopqrstuvwxyzabcdefghijklmn - leadership

abcdefghijklmnopqrstuvwxyzabc|junior_data_administrator - 1 digit
abcdefghijklmnopqrstuvwxyzabc - 7000000
abcdefghijklmnopqrstuvwxyzabc - 2 tahun
abcdefghijklmnopqrstuvwxyzabc - dbms_advanced
abcdefghijklmnopqrstuvwxyzabc - sql_advanced
abcdefghijklmnopqrstuvwxyzabc - nosqlquery_advanced

abcdefghijklmnopqrstuvwxyzabcdefghijklmnopqrstuvwxyzabcdefghijklmno|senior_data_administrator - 2 digit
abcdefghijklmnopqrstuvwxyzabcdefghijklmnopqrstuvwxyzabcdefghijklmno - 20000000
abcdefghijklmnopqrstuvwxyzabcdefghijklmnopqrstuvwxyzabcdefghijklmno - 8 tahun
abcdefghijklmnopqrstuvwxyzabcdefghijklmnopqrstuvwxyzabcdefghijklmno - project_management
abcdefghijklmnopqrstuvwxyzabcdefghijklmnopqrstuvwxyzabcdefghijklmno - leadership

abcdefghijklmnopqrstuvwxyzabcdefghijklmnopqrstuvwxyzabcdefghijklmnopqrstuvwxyzabcdefghijklmnopqrstuvwxyzabcdefghij|data_architect - 2 digit
abcdefghijklmnopqrstuvwxyzabcdefghijklmnopqrstuvwxyzabcdefghijklmnopqrstuvwxyzabcdefghijklmnopqrstuvwxyzabcdefghij - 20000000
abcdefghijklmnopqrstuvwxyzabcdefghijklmnopqrstuvwxyzabcdefghijklmnopqrstuvwxyzabcdefghijklmnopqrstuvwxyzabcdefghij - 8 tahun
abcdefghijklmnopqrstuvwxyzabcdefghijklmnopqrstuvwxyzabcdefghijklmnopqrstuvwxyzabcdefghijklmnopqrstuvwxyzabcdefghij - project_management
abcdefghijklmnopqrstuvwxyzabcdefghijklmnopqrstuvwxyzabcdefghijklmnopqrstuvwxyzabcdefghijklmnopqrstuvwxyzabcdefghij - leadership

abcdefghijklmnopqrstuvwxyzabc|junior_game_developer - 2 digit
abcdefghijklmnopqrstuvwxyzabc - 11000000
abcdefghijklmnopqrstuvwxyzabc - 2 tahun
abcdefghijklmnopqrstuvwxyzabc - game_engine
abcdefghijklmnopqrstuvwxyzabc - game_platform

abcdefghijklmnopqrstuvwxyzabc|junior_cyber_security - 2 digit
abcdefghijklmnopqrstuvwxyzabc - 10000000
abcdefghijklmnopqrstuvwxyzabc - 3 tahun
abcdefghijklmnopqrstuvwxyzabc - security_protocol
abcdefghijklmnopqrstuvwxyzabc - firewall_architecture

|kuliah - 0 digit
 - 0
 - 4 tahun
 - kecerdasan_buatan
 - rekayasa_perangkat_lunak
 - sistem_informasi
 - multimedia
 - jaringan

abcdefghijklmnopqrstuvwxyzabc|junior_software_engineer - 2 digit
abcdefghijklmnopqrstuvwxyzabc - 10000000
abcdefghijklmnopqrstuvwxyzabc - 3 tahun
abcdefghijklmnopqrstuvwxyzabc - basic_software_architecture
abcdefghijklmnopqrstuvwxyzabc - basic_convention_code
abcdefghijklmnopqrstuvwxyzabc - basic_framework

abcdefghijklmnopqrstuvwxyzabcdefghijklmnopqrstuvwxyzabcdefghijklmn|java_developer - 2 digit
abcdefghijklmnopqrstuvwxyzabcdefghijklmnopqrstuvwxyzabcdefghijklmn - 13000000
abcdefghijklmnopqrstuvwxyzabcdefghijklmnopqrstuvwxyzabcdefghijklmn - 4 tahun
abcdefghijklmnopqrstuvwxyzabcdefghijklmnopqrstuvwxyzabcdefghijklmn - java_framework
abcdefghijklmnopqrstuvwxyzabcdefghijklmnopqrstuvwxyzabcdefghijklmn - java_enterprise
abcdefghijklmnopqrstuvwxyzabcdefghijklmnopqrstuvwxyzabcdefghijklmn - java_platform

abcdefghijklmnopqrstuvwxyzabcdefghijklmnopqrstuvwxyzabcdefghijklmn|senior_software_engineer - 2 digit
abcdefghijklmnopqrstuvwxyzabcdefghijklmnopqrstuvwxyzabcdefghijklmn - 16000000
abcdefghijklmnopqrstuvwxyzabcdefghijklmnopqrstuvwxyzabcdefghijklmn - 5 tahun
abcdefghijklmnopqrstuvwxyzabcdefghijklmnopqrstuvwxyzabcdefghijklmn - framework_architecture
abcdefghijklmnopqrstuvwxyzabcdefghijklmnopqrstuvwxyzabcdefghijklmn - professional_code

abcdefghijklmnopqrstuvwxyzabcdefghijklmnopqrstuvwxyzabcdefghijklmn|junior_software_manager - 2 digit
abcdefghijklmnopqrstuvwxyzabcdefghijklmnopqrstuvwxyzabcdefghijklmn - 17000000
abcdefghijklmnopqrstuvwxyzabcdefghijklmnopqrstuvwxyzabcdefghijklmn - 6 tahun
abcdefghijklmnopqrstuvwxyzabcdefghijklmnopqrstuvwxyzabcdefghijklmn - project_management
abcdefghijklmnopqrstuvwxyzabcdefghijklmnopqrstuvwxyzabcdefghijklmn - leadership

abcdefghijklmnopqrstuvwxyzabc|junior_ui_designer - 1 digit
abcdefghijklmnopqrstuvwxyzabc - 8000000
abcdefghijklmnopqrstuvwxyzabc - 2 tahun
abcdefghijklmnopqrstuvwxyzabc - ui_framework
abcdefghijklmnopqrstuvwxyzabc - ui_testing

abcdefghijklmnopqrstuvwxyzabc|junior_ux_designer - 1 digit
abcdefghijklmnopqrstuvwxyzabc - 8000000
abcdefghijklmnopqrstuvwxyzabc - 2 tahun
abcdefghijklmnopqrstuvwxyzabc - ux_framework
abcdefghijklmnopqrstuvwxyzabc - ux_testing

abcdefghijklmnopqrstuvwxyzabcdefghijklmnopqrstuvwxyzabcdefghijklmn|senior_ux_designer - 2 digit
abcdefghijklmnopqrstuvwxyzabcdefghijklmnopqrstuvwxyzabcdefghijklmn - 15000000
abcdefghijklmnopqrstuvwxyzabcdefghijklmnopqrstuvwxyzabcdefghijklmn - 5 tahun
abcdefghijklmnopqrstuvwxyzabcdefghijklmnopqrstuvwxyzabcdefghijklmn - ux_validation
abcdefghijklmnopqrstuvwxyzabcdefghijklmnopqrstuvwxyzabcdefghijklmn - ux_testing

abcdefghijklmnopqrstuvwxyzabcdefghijklmnopqrstuvwxyzabcdefghijklmn|junior_ux_manager - 2 digit
abcdefghijklmnopqrstuvwxyzabcdefghijklmnopqrstuvwxyzabcdefghijklmn - 15000000
abcdefghijklmnopqrstuvwxyzabcdefghijklmnopqrstuvwxyzabcdefghijklmn - 5 tahun
abcdefghijklmnopqrstuvwxyzabcdefghijklmnopqrstuvwxyzabcdefghijklmn - management_skill

abcdefghijklmnopqrstuvwxyzabcdefghijklmnopqrstuvwxyzabcdefghijklmnopqrstuvwxyzabcdefghijklmnopqrstuvwxy|senior_ux_manager - 2 digit
abcdefghijklmnopqrstuvwxyzabcdefghijklmnopqrstuvwxyzabcdefghijklmnopqrstuvwxyzabcdefghijklmnopqrstuvwxy - 20000000
abcdefghijklmnopqrstuvwxyzabcdefghijklmnopqrstuvwxyzabcdefghijklmnopqrstuvwxyzabcdefghijklmnopqrstuvwxy - 8 tahun
abcdefghijklmnopqrstuvwxyzabcdefghijklmnopqrstuvwxyzabcdefghijklmnopqrstuvwxyzabcdefghijklmnopqrstuvwxy - leadership_skill

abcdefghijklmnopqrstuvwxyzabc|junior_data_scientist - 2 digit
abcdefghijklmnopqrstuvwxyzabc - 10000000
abcdefghijklmnopqrstuvwxyzabc - 3 tahun
abcdefghijklmnopqrstuvwxyzabc - basic_data_mining
abcdefghijklmnopqrstuvwxyzabc - data_library

abcdefghijklmnopqrstuvwxyzabcdefghijklmnopqrstuvwxyzabcdefghijklmn|senior_data_scientistlalalalalalala - 2 digit
abcdefghijklmnopqrstuvwxyzabcdefghijklmnopqrstuvwxyzabcdefghijklmn - 20000000
abcdefghijklmnopqrstuvwxyzabcdefghijklmnopqrstuvwxyzabcdefghijklmn - 8 tahun
abcdefghijklmnopqrstuvwxyzabcdefghijklmnopqrstuvwxyzabcdefghijklmn - project_management
abcdefghijklmnopqrstuvwxyzabcdefghijklmnopqrstuvwxyzabcdefghijklmn - leadership

abcdefghijklmnopqrstuvwxyzabc|junior_data_administrator - 1 digit
abcdefghijklmnopqrstuvwxyzabc - 7000000
abcdefghijklmnopqrstuvwxyzabc - 2 tahun
abcdefghijklmnopqrstuvwxyzabc - dbms_advanced
abcdefghijklmnopqrstuvwxyzabc - sql_advanced
abcdefghijklmnopqrstuvwxyzabc - nosqlquery_advanced

abcdefghijklmnopqrstuvwxyzabcdefghijklmnopqrstuvwxyzabcdefghijklmno|senior_data_administrator - 2 digit
abcdefghijklmnopqrstuvwxyzabcdefghijklmnopqrstuvwxyzabcdefghijklmno - 20000000
abcdefghijklmnopqrstuvwxyzabcdefghijklmnopqrstuvwxyzabcdefghijklmno - 8 tahun
abcdefghijklmnopqrstuvwxyzabcdefghijklmnopqrstuvwxyzabcdefghijklmno - project_management
abcdefghijklmnopqrstuvwxyzabcdefghijklmnopqrstuvwxyzabcdefghijklmno - leadership

abcdefghijklmnopqrstuvwxyzabcdefghijklmnopqrstuvwxyzabcdefghijklmnopqrstuvwxyzabcdefghijklmnopqrstuvwxyzabcdefghij|data_architect - 2 digit
abcdefghijklmnopqrstuvwxyzabcdefghijklmnopqrstuvwxyzabcdefghijklmnopqrstuvwxyzabcdefghijklmnopqrstuvwxyzabcdefghij - 20000000
abcdefghijklmnopqrstuvwxyzabcdefghijklmnopqrstuvwxyzabcdefghijklmnopqrstuvwxyzabcdefghijklmnopqrstuvwxyzabcdefghij - 8 tahun
abcdefghijklmnopqrstuvwxyzabcdefghijklmnopqrstuvwxyzabcdefghijklmnopqrstuvwxyzabcdefghijklmnopqrstuvwxyzabcdefghij - project_management
abcdefghijklmnopqrstuvwxyzabcdefghijklmnopqrstuvwxyzabcdefghijklmnopqrstuvwxyzabcdefghijklmnopqrstuvwxyzabcdefghij - leadership

abcdefghijklmnopqrstuvwxyzabc|junior_game_developer - 2 digit
abcdefghijklmnopqrstuvwxyzabc - 11000000
abcdefghijklmnopqrstuvwxyzabc - 2 tahun
abcdefghijklmnopqrstuvwxyzabc - game_engine
abcdefghijklmnopqrstuvwxyzabc - game_platform

abcdefghijklmnopqrstuvwxyzabc|junior_cyber_security - 2 digit
abcdefghijklmnopqrstuvwxyzabc - 10000000
abcdefghijklmnopqrstuvwxyzabc - 3 tahun
abcdefghijklmnopqrstuvwxyzabc - security_protocol
abcdefghijklmnopqrstuvwxyzabc - firewall_architecture
